# JRE version: Java(TM) SE Runtime Environment (8.0_40-b25) (build 1.8.0_40-b25)
# Java VM: Java HotSpot(TM) 64-Bit Server VM (25.40-b25 mixed mode windows-amd64 compressed oops)
Heap:
 PSYoungGen      total 137728K, used 114324K [0x00000000f5580000, 0x0000000100000000, 0x0000000100000000)
  eden space 124416K, 91% used [0x00000000f5580000,0x00000000fc525290,0x00000000fcf00000)
  from space 13312K, 0% used [0x00000000fcf00000,0x00000000fcf00000,0x00000000fdc00000)
  to   space 14848K, 0% used [0x00000000ff180000,0x00000000ff180000,0x0000000100000000)
 ParOldGen       total 87552K, used 24669K [0x00000000e0000000, 0x00000000e5580000, 0x00000000f5580000)
  object space 87552K, 28% used [0x00000000e0000000,0x00000000e1817720,0x00000000e5580000)
 Metaspace       used 39781K, capacity 40914K, committed 41216K, reserved 1085440K
  class space    used 5434K, capacity 5879K, committed 5888K, reserved 1048576K
GC Heap History (10 events):
Event: 18.353 GC heap before
{Heap before GC invocations=11 (full 1):
 PSYoungGen      total 68608K, used 58304K [0x00000000f5580000, 0x00000000fbf00000, 0x0000000100000000)
  eden space 57344K, 100% used [0x00000000f5580000,0x00000000f8d80000,0x00000000f8d80000)
  from space 11264K, 8% used [0x00000000f8d80000,0x00000000f8e70000,0x00000000f9880000)
  to   space 11264K, 0% used [0x00000000fb400000,0x00000000fb400000,0x00000000fbf00000)
 ParOldGen       total 87552K, used 8985K [0x00000000e0000000, 0x00000000e5580000, 0x00000000f5580000)
  object space 87552K, 10% used [0x00000000e0000000,0x00000000e08c6558,0x00000000e5580000)
 Metaspace       used 22208K, capacity 22742K, committed 22912K, reserved 1069056K
  class space    used 2936K, capacity 3110K, committed 3200K, reserved 1048576K
Event: 18.356 GC heap after
Heap after GC invocations=11 (full 1):
 PSYoungGen      total 96768K, used 848K [0x00000000f5580000, 0x00000000fbf00000, 0x0000000100000000)
  eden space 85504K, 0% used [0x00000000f5580000,0x00000000f5580000,0x00000000fa900000)
  from space 11264K, 7% used [0x00000000fb400000,0x00000000fb4d4010,0x00000000fbf00000)
  to   space 11264K, 0% used [0x00000000fa900000,0x00000000fa900000,0x00000000fb400000)
 ParOldGen       total 87552K, used 9297K [0x00000000e0000000, 0x00000000e5580000, 0x00000000f5580000)
  object space 87552K, 10% used [0x00000000e0000000,0x00000000e0914558,0x00000000e5580000)
 Metaspace       used 22208K, capacity 22742K, committed 22912K, reserved 1069056K
  class space    used 2936K, capacity 3110K, committed 3200K, reserved 1048576K
}
Event: 18.723 GC heap before
{Heap before GC invocations=12 (full 1):
 PSYoungGen      total 96768K, used 86352K [0x00000000f5580000, 0x00000000fbf00000, 0x0000000100000000)
  eden space 85504K, 100% used [0x00000000f5580000,0x00000000fa900000,0x00000000fa900000)
  from space 11264K, 7% used [0x00000000fb400000,0x00000000fb4d4010,0x00000000fbf00000)
  to   space 11264K, 0% used [0x00000000fa900000,0x00000000fa900000,0x00000000fb400000)
 ParOldGen       total 87552K, used 9297K [0x00000000e0000000, 0x00000000e5580000, 0x00000000f5580000)
  object space 87552K, 10% used [0x00000000e0000000,0x00000000e0914558,0x00000000e5580000)
 Metaspace       used 22208K, capacity 22742K, committed 22912K, reserved 1069056K
  class space    used 2936K, capacity 3110K, committed 3200K, reserved 1048576K
Event: 18.727 GC heap after
Heap after GC invocations=12 (full 1):
 PSYoungGen      total 96768K, used 960K [0x00000000f5580000, 0x00000000fe680000, 0x0000000100000000)
  eden space 85504K, 0% used [0x00000000f5580000,0x00000000f5580000,0x00000000fa900000)
  from space 11264K, 8% used [0x00000000fa900000,0x00000000fa9f0020,0x00000000fb400000)
  to   space 10752K, 0% used [0x00000000fdc00000,0x00000000fdc00000,0x00000000fe680000)
 ParOldGen       total 87552K, used 9825K [0x00000000e0000000, 0x00000000e5580000, 0x00000000f5580000)
  object space 87552K, 11% used [0x00000000e0000000,0x00000000e0998558,0x00000000e5580000)
 Metaspace       used 22208K, capacity 22742K, committed 22912K, reserved 1069056K
  class space    used 2936K, capacity 3110K, committed 3200K, reserved 1048576K
}
Event: 26.070 GC heap before
{Heap before GC invocations=13 (full 1):
 PSYoungGen      total 96768K, used 86464K [0x00000000f5580000, 0x00000000fe680000, 0x0000000100000000)
  eden space 85504K, 100% used [0x00000000f5580000,0x00000000fa900000,0x00000000fa900000)
  from space 11264K, 8% used [0x00000000fa900000,0x00000000fa9f0020,0x00000000fb400000)
  to   space 10752K, 0% used [0x00000000fdc00000,0x00000000fdc00000,0x00000000fe680000)
 ParOldGen       total 87552K, used 9825K [0x00000000e0000000, 0x00000000e5580000, 0x00000000f5580000)
  object space 87552K, 11% used [0x00000000e0000000,0x00000000e0998558,0x00000000e5580000)
 Metaspace       used 29556K, capacity 30510K, committed 30720K, reserved 1075200K
  class space    used 3924K, capacity 4244K, committed 4352K, reserved 1048576K
Event: 26.082 GC heap after
Heap after GC invocations=13 (full 1):
 PSYoungGen      total 135168K, used 10727K [0x00000000f5580000, 0x00000000fe980000, 0x0000000100000000)
  eden space 124416K, 0% used [0x00000000f5580000,0x00000000f5580000,0x00000000fcf00000)
  from space 10752K, 99% used [0x00000000fdc00000,0x00000000fe679d88,0x00000000fe680000)
  to   space 13312K, 0% used [0x00000000fcf00000,0x00000000fcf00000,0x00000000fdc00000)
 ParOldGen       total 87552K, used 11606K [0x00000000e0000000, 0x00000000e5580000, 0x00000000f5580000)
  object space 87552K, 13% used [0x00000000e0000000,0x00000000e0b55b80,0x00000000e5580000)
 Metaspace       used 29556K, capacity 30510K, committed 30720K, reserved 1075200K
  class space    used 3924K, capacity 4244K, committed 4352K, reserved 1048576K
}
Event: 32.673 GC heap before
{Heap before GC invocations=14 (full 1):
 PSYoungGen      total 135168K, used 114385K [0x00000000f5580000, 0x00000000fe980000, 0x0000000100000000)
  eden space 124416K, 83% used [0x00000000f5580000,0x00000000fbaba8b0,0x00000000fcf00000)
  from space 10752K, 99% used [0x00000000fdc00000,0x00000000fe679d88,0x00000000fe680000)
  to   space 13312K, 0% used [0x00000000fcf00000,0x00000000fcf00000,0x00000000fdc00000)
 ParOldGen       total 87552K, used 11606K [0x00000000e0000000, 0x00000000e5580000, 0x00000000f5580000)
  object space 87552K, 13% used [0x00000000e0000000,0x00000000e0b55b80,0x00000000e5580000)
 Metaspace       used 34263K, capacity 35380K, committed 35456K, reserved 1079296K
  class space    used 4513K, capacity 4982K, committed 4992K, reserved 1048576K
Event: 32.697 GC heap after
Heap after GC invocations=14 (full 1):
 PSYoungGen      total 137728K, used 10636K [0x00000000f5580000, 0x0000000100000000, 0x0000000100000000)
  eden space 124416K, 0% used [0x00000000f5580000,0x00000000f5580000,0x00000000fcf00000)
  from space 13312K, 79% used [0x00000000fcf00000,0x00000000fd963320,0x00000000fdc00000)
  to   space 14848K, 0% used [0x00000000ff180000,0x00000000ff180000,0x0000000100000000)
 ParOldGen       total 87552K, used 17454K [0x00000000e0000000, 0x00000000e5580000, 0x00000000f5580000)
  object space 87552K, 19% used [0x00000000e0000000,0x00000000e110bad0,0x00000000e5580000)
 Metaspace       used 34263K, capacity 35380K, committed 35456K, reserved 1079296K
  class space    used 4513K, capacity 4982K, committed 4992K, reserved 1048576K
}
Event: 32.697 GC heap before
{Heap before GC invocations=15 (full 2):
 PSYoungGen      total 137728K, used 10636K [0x00000000f5580000, 0x0000000100000000, 0x0000000100000000)
  eden space 124416K, 0% used [0x00000000f5580000,0x00000000f5580000,0x00000000fcf00000)
  from space 13312K, 79% used [0x00000000fcf00000,0x00000000fd963320,0x00000000fdc00000)
  to   space 14848K, 0% used [0x00000000ff180000,0x00000000ff180000,0x0000000100000000)
 ParOldGen       total 87552K, used 17454K [0x00000000e0000000, 0x00000000e5580000, 0x00000000f5580000)
  object space 87552K, 19% used [0x00000000e0000000,0x00000000e110bad0,0x00000000e5580000)
 Metaspace       used 34263K, capacity 35380K, committed 35456K, reserved 1079296K
  class space    used 4513K, capacity 4982K, committed 4992K, reserved 1048576K
Event: 32.928 GC heap after
Heap after GC invocations=15 (full 2):
 PSYoungGen      total 137728K, used 0K [0x00000000f5580000, 0x0000000100000000, 0x0000000100000000)
  eden space 124416K, 0% used [0x00000000f5580000,0x00000000f5580000,0x00000000fcf00000)
  from space 13312K, 0% used [0x00000000fcf00000,0x00000000fcf00000,0x00000000fdc00000)
  to   space 14848K, 0% used [0x00000000ff180000,0x00000000ff180000,0x0000000100000000)
 ParOldGen       total 87552K, used 24669K [0x00000000e0000000, 0x00000000e5580000, 0x00000000f5580000)
  object space 87552K, 28% used [0x00000000e0000000,0x00000000e1817720,0x00000000e5580000)
 Metaspace       used 34230K, capacity 35266K, committed 35456K, reserved 1079296K
  class space    used 4507K, capacity 4948K, committed 4992K, reserved 1048576K
}

